<?xml version="1.0" encoding="UTF-8"?>
<testsuite xmlns:xsi="http://www.w3.org/2001/XMLSchema-instance" xsi:noNamespaceSchemaLocation="https://maven.apache.org/surefire/maven-surefire-plugin/xsd/surefire-test-report.xsd" version="3.0.2" name="com.example.ApirestTest" time="2.718" tests="1" errors="0" skipped="0" failures="0">
  <properties>
    <property name="java.specification.version" value="21"/>
    <property name="sun.jnu.encoding" value="UTF-8"/>
    <property name="java.class.path" value="/home/gigabyte/Downloads/apirest/target/test-classes:/home/gigabyte/Downloads/apirest/target/classes:/home/gigabyte/.m2/repository/io/micronaut/micronaut-http-server-netty/4.8.18/micronaut-http-server-netty-4.8.18.jar:/home/gigabyte/.m2/repository/org/slf4j/slf4j-api/2.0.16/slf4j-api-2.0.16.jar:/home/gigabyte/.m2/repository/io/micronaut/micronaut-http-server/4.8.18/micronaut-http-server-4.8.18.jar:/home/gigabyte/.m2/repository/io/micronaut/micronaut-http/4.8.18/micronaut-http-4.8.18.jar:/home/gigabyte/.m2/repository/io/micronaut/micronaut-context-propagation/4.8.18/micronaut-context-propagation-4.8.18.jar:/home/gigabyte/.m2/repository/io/micronaut/micronaut-router/4.8.18/micronaut-router-4.8.18.jar:/home/gigabyte/.m2/repository/io/micronaut/micronaut-core/4.8.18/micronaut-core-4.8.18.jar:/home/gigabyte/.m2/repository/io/micronaut/micronaut-http-netty/4.8.18/micronaut-http-netty-4.8.18.jar:/home/gigabyte/.m2/repository/io/micronaut/micronaut-buffer-netty/4.8.18/micronaut-buffer-netty-4.8.18.jar:/home/gigabyte/.m2/repository/io/netty/netty-codec-http2/4.1.119.Final/netty-codec-http2-4.1.119.Final.jar:/home/gigabyte/.m2/repository/io/netty/netty-handler/4.1.119.Final/netty-handler-4.1.119.Final.jar:/home/gigabyte/.m2/repository/io/netty/netty-resolver/4.1.119.Final/netty-resolver-4.1.119.Final.jar:/home/gigabyte/.m2/repository/io/netty/netty-transport-native-unix-common/4.1.119.Final/netty-transport-native-unix-common-4.1.119.Final.jar:/home/gigabyte/.m2/repository/io/netty/netty-codec-http/4.1.119.Final/netty-codec-http-4.1.119.Final.jar:/home/gigabyte/.m2/repository/io/netty/netty-common/4.1.119.Final/netty-common-4.1.119.Final.jar:/home/gigabyte/.m2/repository/io/netty/netty-buffer/4.1.119.Final/netty-buffer-4.1.119.Final.jar:/home/gigabyte/.m2/repository/io/netty/netty-transport/4.1.119.Final/netty-transport-4.1.119.Final.jar:/home/gigabyte/.m2/repository/io/netty/netty-codec/4.1.119.Final/netty-codec-4.1.119.Final.jar:/home/gigabyte/.m2/repository/io/projectreactor/reactor-core/3.7.2/reactor-core-3.7.2.jar:/home/gigabyte/.m2/repository/org/reactivestreams/reactive-streams/1.0.4/reactive-streams-1.0.4.jar:/home/gigabyte/.m2/repository/io/micronaut/data/micronaut-data-hibernate-jpa/4.12.2/micronaut-data-hibernate-jpa-4.12.2.jar:/home/gigabyte/.m2/repository/io/micronaut/micronaut-inject/4.8.18/micronaut-inject-4.8.18.jar:/home/gigabyte/.m2/repository/jakarta/inject/jakarta.inject-api/2.0.1/jakarta.inject-api-2.0.1.jar:/home/gigabyte/.m2/repository/jakarta/annotation/jakarta.annotation-api/2.1.1/jakarta.annotation-api-2.1.1.jar:/home/gigabyte/.m2/repository/io/micronaut/data/micronaut-data-runtime/4.12.2/micronaut-data-runtime-4.12.2.jar:/home/gigabyte/.m2/repository/io/micronaut/data/micronaut-data-tx/4.12.2/micronaut-data-tx-4.12.2.jar:/home/gigabyte/.m2/repository/io/micronaut/data/micronaut-data-connection/4.12.2/micronaut-data-connection-4.12.2.jar:/home/gigabyte/.m2/repository/jakarta/persistence/jakarta.persistence-api/3.1.0/jakarta.persistence-api-3.1.0.jar:/home/gigabyte/.m2/repository/io/micronaut/data/micronaut-data-model/4.12.2/micronaut-data-model-4.12.2.jar:/home/gigabyte/.m2/repository/io/micronaut/micronaut-aop/4.8.18/micronaut-aop-4.8.18.jar:/home/gigabyte/.m2/repository/io/micronaut/micronaut-core-reactive/4.8.18/micronaut-core-reactive-4.8.18.jar:/home/gigabyte/.m2/repository/io/micronaut/data/micronaut-data-tx-hibernate/4.12.2/micronaut-data-tx-hibernate-4.12.2.jar:/home/gigabyte/.m2/repository/io/micronaut/data/micronaut-data-tx-jdbc/4.12.2/micronaut-data-tx-jdbc-4.12.2.jar:/home/gigabyte/.m2/repository/io/micronaut/data/micronaut-data-connection-jdbc/4.12.2/micronaut-data-connection-jdbc-4.12.2.jar:/home/gigabyte/.m2/repository/io/micronaut/micronaut-runtime/4.8.18/micronaut-runtime-4.8.18.jar:/home/gigabyte/.m2/repository/io/micronaut/micronaut-retry/4.8.18/micronaut-retry-4.8.18.jar:/home/gigabyte/.m2/repository/io/micronaut/data/micronaut-data-connection-hibernate/4.12.2/micronaut-data-connection-hibernate-4.12.2.jar:/home/gigabyte/.m2/repository/io/micronaut/data/micronaut-data-jpa/4.12.2/micronaut-data-jpa-4.12.2.jar:/home/gigabyte/.m2/repository/org/hibernate/orm/hibernate-core/6.6.9.Final/hibernate-core-6.6.9.Final.jar:/home/gigabyte/.m2/repository/jakarta/transaction/jakarta.transaction-api/2.0.1/jakarta.transaction-api-2.0.1.jar:/home/gigabyte/.m2/repository/org/jboss/logging/jboss-logging/3.5.0.Final/jboss-logging-3.5.0.Final.jar:/home/gigabyte/.m2/repository/org/hibernate/common/hibernate-commons-annotations/7.0.3.Final/hibernate-commons-annotations-7.0.3.Final.jar:/home/gigabyte/.m2/repository/io/smallrye/jandex/3.2.0/jandex-3.2.0.jar:/home/gigabyte/.m2/repository/com/fasterxml/classmate/1.5.1/classmate-1.5.1.jar:/home/gigabyte/.m2/repository/net/bytebuddy/byte-buddy/1.17.0/byte-buddy-1.17.0.jar:/home/gigabyte/.m2/repository/jakarta/xml/bind/jakarta.xml.bind-api/4.0.0/jakarta.xml.bind-api-4.0.0.jar:/home/gigabyte/.m2/repository/jakarta/activation/jakarta.activation-api/2.1.0/jakarta.activation-api-2.1.0.jar:/home/gigabyte/.m2/repository/org/glassfish/jaxb/jaxb-runtime/4.0.2/jaxb-runtime-4.0.2.jar:/home/gigabyte/.m2/repository/org/glassfish/jaxb/jaxb-core/4.0.2/jaxb-core-4.0.2.jar:/home/gigabyte/.m2/repository/org/eclipse/angus/angus-activation/2.0.0/angus-activation-2.0.0.jar:/home/gigabyte/.m2/repository/org/glassfish/jaxb/txw2/4.0.2/txw2-4.0.2.jar:/home/gigabyte/.m2/repository/com/sun/istack/istack-commons-runtime/4.1.1/istack-commons-runtime-4.1.1.jar:/home/gigabyte/.m2/repository/org/antlr/antlr4-runtime/4.13.0/antlr4-runtime-4.13.0.jar:/home/gigabyte/.m2/repository/io/micronaut/sql/micronaut-hibernate-jpa/6.1.1/micronaut-hibernate-jpa-6.1.1.jar:/home/gigabyte/.m2/repository/io/micronaut/validation/micronaut-validation/4.9.0/micronaut-validation-4.9.0.jar:/home/gigabyte/.m2/repository/io/micronaut/reactor/micronaut-reactor/3.7.0/micronaut-reactor-3.7.0.jar:/home/gigabyte/.m2/repository/io/micronaut/serde/micronaut-serde-jackson/2.14.1/micronaut-serde-jackson-2.14.1.jar:/home/gigabyte/.m2/repository/io/micronaut/micronaut-jackson-core/4.8.18/micronaut-jackson-core-4.8.18.jar:/home/gigabyte/.m2/repository/com/fasterxml/jackson/core/jackson-core/2.18.2/jackson-core-2.18.2.jar:/home/gigabyte/.m2/repository/com/fasterxml/jackson/core/jackson-annotations/2.18.2/jackson-annotations-2.18.2.jar:/home/gigabyte/.m2/repository/io/micronaut/micronaut-context/4.8.18/micronaut-context-4.8.18.jar:/home/gigabyte/.m2/repository/io/micronaut/serde/micronaut-serde-api/2.14.1/micronaut-serde-api-2.14.1.jar:/home/gigabyte/.m2/repository/io/micronaut/serde/micronaut-serde-support/2.14.1/micronaut-serde-support-2.14.1.jar:/home/gigabyte/.m2/repository/io/micronaut/sql/micronaut-jdbc-hikari/6.1.1/micronaut-jdbc-hikari-6.1.1.jar:/home/gigabyte/.m2/repository/io/micronaut/sql/micronaut-jdbc/6.1.1/micronaut-jdbc-6.1.1.jar:/home/gigabyte/.m2/repository/com/zaxxer/HikariCP/6.2.1/HikariCP-6.2.1.jar:/home/gigabyte/.m2/repository/ch/qos/logback/logback-classic/1.5.16/logback-classic-1.5.16.jar:/home/gigabyte/.m2/repository/ch/qos/logback/logback-core/1.5.16/logback-core-1.5.16.jar:/home/gigabyte/.m2/repository/com/mysql/mysql-connector-j/9.2.0/mysql-connector-j-9.2.0.jar:/home/gigabyte/.m2/repository/com/google/protobuf/protobuf-java/3.25.6/protobuf-java-3.25.6.jar:/home/gigabyte/.m2/repository/io/micronaut/openapi/micronaut-openapi-annotations/6.15.0/micronaut-openapi-annotations-6.15.0.jar:/home/gigabyte/.m2/repository/io/swagger/core/v3/swagger-annotations/2.2.29/swagger-annotations-2.2.29.jar:/home/gigabyte/.m2/repository/io/micronaut/testresources/micronaut-test-resources-client/2.8.0/micronaut-test-resources-client-2.8.0.jar:/home/gigabyte/.m2/repository/io/micronaut/micronaut-json-core/4.8.18/micronaut-json-core-4.8.18.jar:/home/gigabyte/.m2/repository/io/micronaut/testresources/micronaut-test-resources-core/2.8.0/micronaut-test-resources-core-2.8.0.jar:/home/gigabyte/.m2/repository/io/micronaut/micronaut-http-client/4.8.18/micronaut-http-client-4.8.18.jar:/home/gigabyte/.m2/repository/io/micronaut/micronaut-http-client-core/4.8.18/micronaut-http-client-core-4.8.18.jar:/home/gigabyte/.m2/repository/io/micronaut/micronaut-discovery-core/4.8.18/micronaut-discovery-core-4.8.18.jar:/home/gigabyte/.m2/repository/io/micronaut/micronaut-websocket/4.8.18/micronaut-websocket-4.8.18.jar:/home/gigabyte/.m2/repository/io/netty/netty-handler-proxy/4.1.119.Final/netty-handler-proxy-4.1.119.Final.jar:/home/gigabyte/.m2/repository/io/netty/netty-codec-socks/4.1.119.Final/netty-codec-socks-4.1.119.Final.jar:/home/gigabyte/.m2/repository/io/micronaut/test/micronaut-test-junit5/4.7.0/micronaut-test-junit5-4.7.0.jar:/home/gigabyte/.m2/repository/io/micronaut/test/micronaut-test-core/4.7.0/micronaut-test-core-4.7.0.jar:/home/gigabyte/.m2/repository/org/junit/jupiter/junit-jupiter-api/5.11.4/junit-jupiter-api-5.11.4.jar:/home/gigabyte/.m2/repository/org/opentest4j/opentest4j/1.3.0/opentest4j-1.3.0.jar:/home/gigabyte/.m2/repository/org/junit/platform/junit-platform-commons/1.11.4/junit-platform-commons-1.11.4.jar:/home/gigabyte/.m2/repository/org/apiguardian/apiguardian-api/1.1.2/apiguardian-api-1.1.2.jar:/home/gigabyte/.m2/repository/org/junit/jupiter/junit-jupiter-engine/5.11.4/junit-jupiter-engine-5.11.4.jar:/home/gigabyte/.m2/repository/org/junit/platform/junit-platform-engine/1.11.4/junit-platform-engine-1.11.4.jar:/home/gigabyte/.m2/repository/jakarta/validation/jakarta.validation-api/3.1.1/jakarta.validation-api-3.1.1.jar:"/>
    <property name="java.vm.vendor" value="Ubuntu"/>
    <property name="sun.arch.data.model" value="64"/>
    <property name="java.vendor.url" value="https://ubuntu.com/"/>
    <property name="user.timezone" value="America/Araguaina"/>
    <property name="os.name" value="Linux"/>
    <property name="java.vm.specification.version" value="21"/>
    <property name="sun.java.launcher" value="SUN_STANDARD"/>
    <property name="user.country" value="BR"/>
    <property name="sun.boot.library.path" value="/usr/lib/jvm/java-21-openjdk-amd64/lib"/>
    <property name="sun.java.command" value="/home/gigabyte/Downloads/apirest/target/surefire/surefirebooter-20250614200113313_3.jar /home/gigabyte/Downloads/apirest/target/surefire 2025-06-14T20-01-13_269-jvmRun1 surefire-20250614200113313_1tmp surefire_0-20250614200113313_2tmp"/>
    <property name="jdk.debug" value="release"/>
    <property name="surefire.test.class.path" value="/home/gigabyte/Downloads/apirest/target/test-classes:/home/gigabyte/Downloads/apirest/target/classes:/home/gigabyte/.m2/repository/io/micronaut/micronaut-http-server-netty/4.8.18/micronaut-http-server-netty-4.8.18.jar:/home/gigabyte/.m2/repository/org/slf4j/slf4j-api/2.0.16/slf4j-api-2.0.16.jar:/home/gigabyte/.m2/repository/io/micronaut/micronaut-http-server/4.8.18/micronaut-http-server-4.8.18.jar:/home/gigabyte/.m2/repository/io/micronaut/micronaut-http/4.8.18/micronaut-http-4.8.18.jar:/home/gigabyte/.m2/repository/io/micronaut/micronaut-context-propagation/4.8.18/micronaut-context-propagation-4.8.18.jar:/home/gigabyte/.m2/repository/io/micronaut/micronaut-router/4.8.18/micronaut-router-4.8.18.jar:/home/gigabyte/.m2/repository/io/micronaut/micronaut-core/4.8.18/micronaut-core-4.8.18.jar:/home/gigabyte/.m2/repository/io/micronaut/micronaut-http-netty/4.8.18/micronaut-http-netty-4.8.18.jar:/home/gigabyte/.m2/repository/io/micronaut/micronaut-buffer-netty/4.8.18/micronaut-buffer-netty-4.8.18.jar:/home/gigabyte/.m2/repository/io/netty/netty-codec-http2/4.1.119.Final/netty-codec-http2-4.1.119.Final.jar:/home/gigabyte/.m2/repository/io/netty/netty-handler/4.1.119.Final/netty-handler-4.1.119.Final.jar:/home/gigabyte/.m2/repository/io/netty/netty-resolver/4.1.119.Final/netty-resolver-4.1.119.Final.jar:/home/gigabyte/.m2/repository/io/netty/netty-transport-native-unix-common/4.1.119.Final/netty-transport-native-unix-common-4.1.119.Final.jar:/home/gigabyte/.m2/repository/io/netty/netty-codec-http/4.1.119.Final/netty-codec-http-4.1.119.Final.jar:/home/gigabyte/.m2/repository/io/netty/netty-common/4.1.119.Final/netty-common-4.1.119.Final.jar:/home/gigabyte/.m2/repository/io/netty/netty-buffer/4.1.119.Final/netty-buffer-4.1.119.Final.jar:/home/gigabyte/.m2/repository/io/netty/netty-transport/4.1.119.Final/netty-transport-4.1.119.Final.jar:/home/gigabyte/.m2/repository/io/netty/netty-codec/4.1.119.Final/netty-codec-4.1.119.Final.jar:/home/gigabyte/.m2/repository/io/projectreactor/reactor-core/3.7.2/reactor-core-3.7.2.jar:/home/gigabyte/.m2/repository/org/reactivestreams/reactive-streams/1.0.4/reactive-streams-1.0.4.jar:/home/gigabyte/.m2/repository/io/micronaut/data/micronaut-data-hibernate-jpa/4.12.2/micronaut-data-hibernate-jpa-4.12.2.jar:/home/gigabyte/.m2/repository/io/micronaut/micronaut-inject/4.8.18/micronaut-inject-4.8.18.jar:/home/gigabyte/.m2/repository/jakarta/inject/jakarta.inject-api/2.0.1/jakarta.inject-api-2.0.1.jar:/home/gigabyte/.m2/repository/jakarta/annotation/jakarta.annotation-api/2.1.1/jakarta.annotation-api-2.1.1.jar:/home/gigabyte/.m2/repository/io/micronaut/data/micronaut-data-runtime/4.12.2/micronaut-data-runtime-4.12.2.jar:/home/gigabyte/.m2/repository/io/micronaut/data/micronaut-data-tx/4.12.2/micronaut-data-tx-4.12.2.jar:/home/gigabyte/.m2/repository/io/micronaut/data/micronaut-data-connection/4.12.2/micronaut-data-connection-4.12.2.jar:/home/gigabyte/.m2/repository/jakarta/persistence/jakarta.persistence-api/3.1.0/jakarta.persistence-api-3.1.0.jar:/home/gigabyte/.m2/repository/io/micronaut/data/micronaut-data-model/4.12.2/micronaut-data-model-4.12.2.jar:/home/gigabyte/.m2/repository/io/micronaut/micronaut-aop/4.8.18/micronaut-aop-4.8.18.jar:/home/gigabyte/.m2/repository/io/micronaut/micronaut-core-reactive/4.8.18/micronaut-core-reactive-4.8.18.jar:/home/gigabyte/.m2/repository/io/micronaut/data/micronaut-data-tx-hibernate/4.12.2/micronaut-data-tx-hibernate-4.12.2.jar:/home/gigabyte/.m2/repository/io/micronaut/data/micronaut-data-tx-jdbc/4.12.2/micronaut-data-tx-jdbc-4.12.2.jar:/home/gigabyte/.m2/repository/io/micronaut/data/micronaut-data-connection-jdbc/4.12.2/micronaut-data-connection-jdbc-4.12.2.jar:/home/gigabyte/.m2/repository/io/micronaut/micronaut-runtime/4.8.18/micronaut-runtime-4.8.18.jar:/home/gigabyte/.m2/repository/io/micronaut/micronaut-retry/4.8.18/micronaut-retry-4.8.18.jar:/home/gigabyte/.m2/repository/io/micronaut/data/micronaut-data-connection-hibernate/4.12.2/micronaut-data-connection-hibernate-4.12.2.jar:/home/gigabyte/.m2/repository/io/micronaut/data/micronaut-data-jpa/4.12.2/micronaut-data-jpa-4.12.2.jar:/home/gigabyte/.m2/repository/org/hibernate/orm/hibernate-core/6.6.9.Final/hibernate-core-6.6.9.Final.jar:/home/gigabyte/.m2/repository/jakarta/transaction/jakarta.transaction-api/2.0.1/jakarta.transaction-api-2.0.1.jar:/home/gigabyte/.m2/repository/org/jboss/logging/jboss-logging/3.5.0.Final/jboss-logging-3.5.0.Final.jar:/home/gigabyte/.m2/repository/org/hibernate/common/hibernate-commons-annotations/7.0.3.Final/hibernate-commons-annotations-7.0.3.Final.jar:/home/gigabyte/.m2/repository/io/smallrye/jandex/3.2.0/jandex-3.2.0.jar:/home/gigabyte/.m2/repository/com/fasterxml/classmate/1.5.1/classmate-1.5.1.jar:/home/gigabyte/.m2/repository/net/bytebuddy/byte-buddy/1.17.0/byte-buddy-1.17.0.jar:/home/gigabyte/.m2/repository/jakarta/xml/bind/jakarta.xml.bind-api/4.0.0/jakarta.xml.bind-api-4.0.0.jar:/home/gigabyte/.m2/repository/jakarta/activation/jakarta.activation-api/2.1.0/jakarta.activation-api-2.1.0.jar:/home/gigabyte/.m2/repository/org/glassfish/jaxb/jaxb-runtime/4.0.2/jaxb-runtime-4.0.2.jar:/home/gigabyte/.m2/repository/org/glassfish/jaxb/jaxb-core/4.0.2/jaxb-core-4.0.2.jar:/home/gigabyte/.m2/repository/org/eclipse/angus/angus-activation/2.0.0/angus-activation-2.0.0.jar:/home/gigabyte/.m2/repository/org/glassfish/jaxb/txw2/4.0.2/txw2-4.0.2.jar:/home/gigabyte/.m2/repository/com/sun/istack/istack-commons-runtime/4.1.1/istack-commons-runtime-4.1.1.jar:/home/gigabyte/.m2/repository/org/antlr/antlr4-runtime/4.13.0/antlr4-runtime-4.13.0.jar:/home/gigabyte/.m2/repository/io/micronaut/sql/micronaut-hibernate-jpa/6.1.1/micronaut-hibernate-jpa-6.1.1.jar:/home/gigabyte/.m2/repository/io/micronaut/validation/micronaut-validation/4.9.0/micronaut-validation-4.9.0.jar:/home/gigabyte/.m2/repository/io/micronaut/reactor/micronaut-reactor/3.7.0/micronaut-reactor-3.7.0.jar:/home/gigabyte/.m2/repository/io/micronaut/serde/micronaut-serde-jackson/2.14.1/micronaut-serde-jackson-2.14.1.jar:/home/gigabyte/.m2/repository/io/micronaut/micronaut-jackson-core/4.8.18/micronaut-jackson-core-4.8.18.jar:/home/gigabyte/.m2/repository/com/fasterxml/jackson/core/jackson-core/2.18.2/jackson-core-2.18.2.jar:/home/gigabyte/.m2/repository/com/fasterxml/jackson/core/jackson-annotations/2.18.2/jackson-annotations-2.18.2.jar:/home/gigabyte/.m2/repository/io/micronaut/micronaut-context/4.8.18/micronaut-context-4.8.18.jar:/home/gigabyte/.m2/repository/io/micronaut/serde/micronaut-serde-api/2.14.1/micronaut-serde-api-2.14.1.jar:/home/gigabyte/.m2/repository/io/micronaut/serde/micronaut-serde-support/2.14.1/micronaut-serde-support-2.14.1.jar:/home/gigabyte/.m2/repository/io/micronaut/sql/micronaut-jdbc-hikari/6.1.1/micronaut-jdbc-hikari-6.1.1.jar:/home/gigabyte/.m2/repository/io/micronaut/sql/micronaut-jdbc/6.1.1/micronaut-jdbc-6.1.1.jar:/home/gigabyte/.m2/repository/com/zaxxer/HikariCP/6.2.1/HikariCP-6.2.1.jar:/home/gigabyte/.m2/repository/ch/qos/logback/logback-classic/1.5.16/logback-classic-1.5.16.jar:/home/gigabyte/.m2/repository/ch/qos/logback/logback-core/1.5.16/logback-core-1.5.16.jar:/home/gigabyte/.m2/repository/com/mysql/mysql-connector-j/9.2.0/mysql-connector-j-9.2.0.jar:/home/gigabyte/.m2/repository/com/google/protobuf/protobuf-java/3.25.6/protobuf-java-3.25.6.jar:/home/gigabyte/.m2/repository/io/micronaut/openapi/micronaut-openapi-annotations/6.15.0/micronaut-openapi-annotations-6.15.0.jar:/home/gigabyte/.m2/repository/io/swagger/core/v3/swagger-annotations/2.2.29/swagger-annotations-2.2.29.jar:/home/gigabyte/.m2/repository/io/micronaut/testresources/micronaut-test-resources-client/2.8.0/micronaut-test-resources-client-2.8.0.jar:/home/gigabyte/.m2/repository/io/micronaut/micronaut-json-core/4.8.18/micronaut-json-core-4.8.18.jar:/home/gigabyte/.m2/repository/io/micronaut/testresources/micronaut-test-resources-core/2.8.0/micronaut-test-resources-core-2.8.0.jar:/home/gigabyte/.m2/repository/io/micronaut/micronaut-http-client/4.8.18/micronaut-http-client-4.8.18.jar:/home/gigabyte/.m2/repository/io/micronaut/micronaut-http-client-core/4.8.18/micronaut-http-client-core-4.8.18.jar:/home/gigabyte/.m2/repository/io/micronaut/micronaut-discovery-core/4.8.18/micronaut-discovery-core-4.8.18.jar:/home/gigabyte/.m2/repository/io/micronaut/micronaut-websocket/4.8.18/micronaut-websocket-4.8.18.jar:/home/gigabyte/.m2/repository/io/netty/netty-handler-proxy/4.1.119.Final/netty-handler-proxy-4.1.119.Final.jar:/home/gigabyte/.m2/repository/io/netty/netty-codec-socks/4.1.119.Final/netty-codec-socks-4.1.119.Final.jar:/home/gigabyte/.m2/repository/io/micronaut/test/micronaut-test-junit5/4.7.0/micronaut-test-junit5-4.7.0.jar:/home/gigabyte/.m2/repository/io/micronaut/test/micronaut-test-core/4.7.0/micronaut-test-core-4.7.0.jar:/home/gigabyte/.m2/repository/org/junit/jupiter/junit-jupiter-api/5.11.4/junit-jupiter-api-5.11.4.jar:/home/gigabyte/.m2/repository/org/opentest4j/opentest4j/1.3.0/opentest4j-1.3.0.jar:/home/gigabyte/.m2/repository/org/junit/platform/junit-platform-commons/1.11.4/junit-platform-commons-1.11.4.jar:/home/gigabyte/.m2/repository/org/apiguardian/apiguardian-api/1.1.2/apiguardian-api-1.1.2.jar:/home/gigabyte/.m2/repository/org/junit/jupiter/junit-jupiter-engine/5.11.4/junit-jupiter-engine-5.11.4.jar:/home/gigabyte/.m2/repository/org/junit/platform/junit-platform-engine/1.11.4/junit-platform-engine-1.11.4.jar:/home/gigabyte/.m2/repository/jakarta/validation/jakarta.validation-api/3.1.1/jakarta.validation-api-3.1.1.jar:"/>
    <property name="sun.cpu.endian" value="little"/>
    <property name="user.home" value="/home/gigabyte"/>
    <property name="user.language" value="pt"/>
    <property name="java.specification.vendor" value="Oracle Corporation"/>
    <property name="io.netty.allocator.maxOrder" value="3"/>
    <property name="java.version.date" value="2025-04-15"/>
    <property name="java.home" value="/usr/lib/jvm/java-21-openjdk-amd64"/>
    <property name="file.separator" value="/"/>
    <property name="basedir" value="/home/gigabyte/Downloads/apirest"/>
    <property name="java.vm.compressedOopsMode" value="Zero based"/>
    <property name="line.separator" value="&#10;"/>
    <property name="java.vm.specification.vendor" value="Oracle Corporation"/>
    <property name="java.specification.name" value="Java Platform API Specification"/>
    <property name="surefire.real.class.path" value="/home/gigabyte/Downloads/apirest/target/surefire/surefirebooter-20250614200113313_3.jar"/>
    <property name="sun.management.compiler" value="HotSpot 64-Bit Tiered Compilers"/>
    <property name="java.runtime.version" value="21.0.7+6-Ubuntu-0ubuntu124.04"/>
    <property name="user.name" value="gigabyte"/>
    <property name="stdout.encoding" value="UTF-8"/>
    <property name="path.separator" value=":"/>
    <property name="os.version" value="6.11.0-26-generic"/>
    <property name="java.runtime.name" value="OpenJDK Runtime Environment"/>
    <property name="file.encoding" value="UTF-8"/>
    <property name="java.vm.name" value="OpenJDK 64-Bit Server VM"/>
    <property name="localRepository" value="/home/gigabyte/.m2/repository"/>
    <property name="micronaut.classloader.logging" value="true"/>
    <property name="java.vendor.url.bug" value="https://bugs.launchpad.net/ubuntu/+source/openjdk-21"/>
    <property name="java.io.tmpdir" value="/tmp"/>
    <property name="com.zaxxer.hikari.pool_number" value="1"/>
    <property name="java.version" value="21.0.7"/>
    <property name="user.dir" value="/home/gigabyte/Downloads/apirest"/>
    <property name="os.arch" value="amd64"/>
    <property name="java.vm.specification.name" value="Java Virtual Machine Specification"/>
    <property name="native.encoding" value="UTF-8"/>
    <property name="java.library.path" value="/usr/java/packages/lib:/usr/lib/x86_64-linux-gnu/jni:/lib/x86_64-linux-gnu:/usr/lib/x86_64-linux-gnu:/usr/lib/jni:/lib:/usr/lib"/>
    <property name="java.vm.info" value="mixed mode, sharing"/>
    <property name="stderr.encoding" value="UTF-8"/>
    <property name="java.vendor" value="Ubuntu"/>
    <property name="java.vm.version" value="21.0.7+6-Ubuntu-0ubuntu124.04"/>
    <property name="sun.io.unicode.encoding" value="UnicodeLittle"/>
    <property name="java.class.version" value="65.0"/>
  </properties>
  <testcase name="testItWorks" classname="com.example.ApirestTest" time="0.035">
    <system-out><![CDATA[&amp#27;[36m20:01:14.027&amp#27;[0;39m &amp#27;[1;30m[main]&amp#27;[0;39m &amp#27;[34mINFO &amp#27;[0;39m &amp#27;[35mi.m.c.DefaultApplicationContext$RuntimeConfiguredEnvironment&amp#27;[0;39m - Established active environments: [test]
&amp#27;[36m20:01:14.176&amp#27;[0;39m &amp#27;[1;30m[main]&amp#27;[0;39m &amp#27;[34mINFO &amp#27;[0;39m &amp#27;[35mi.m.s.ObjectMappers$ObjectMapperContext$1&amp#27;[0;39m - Established active environments: [test]
&amp#27;[36m20:01:14.533&amp#27;[0;39m &amp#27;[1;30m[main]&amp#27;[0;39m &amp#27;[34mINFO &amp#27;[0;39m &amp#27;[35morg.hibernate.Version&amp#27;[0;39m - HHH000412: Hibernate ORM core version 6.6.9.Final
&amp#27;[36m20:01:14.560&amp#27;[0;39m &amp#27;[1;30m[main]&amp#27;[0;39m &amp#27;[34mINFO &amp#27;[0;39m &amp#27;[35mcom.zaxxer.hikari.HikariDataSource&amp#27;[0;39m - HikariPool-1 - Starting...
&amp#27;[36m20:01:14.756&amp#27;[0;39m &amp#27;[1;30m[main]&amp#27;[0;39m &amp#27;[34mINFO &amp#27;[0;39m &amp#27;[35mcom.zaxxer.hikari.pool.HikariPool&amp#27;[0;39m - HikariPool-1 - Added connection com.mysql.cj.jdbc.ConnectionImpl@c35af2a
&amp#27;[36m20:01:14.757&amp#27;[0;39m &amp#27;[1;30m[main]&amp#27;[0;39m &amp#27;[34mINFO &amp#27;[0;39m &amp#27;[35mcom.zaxxer.hikari.HikariDataSource&amp#27;[0;39m - HikariPool-1 - Start completed.
&amp#27;[36m20:01:14.777&amp#27;[0;39m &amp#27;[1;30m[main]&amp#27;[0;39m &amp#27;[34mINFO &amp#27;[0;39m &amp#27;[35mo.h.c.i.RegionFactoryInitiator&amp#27;[0;39m - HHH000026: Second-level cache disabled
&amp#27;[36m20:01:14.892&amp#27;[0;39m &amp#27;[1;30m[main]&amp#27;[0;39m &amp#27;[34mINFO &amp#27;[0;39m &amp#27;[35mo.hibernate.orm.connections.pooling&amp#27;[0;39m - HHH10001005: Database info:
	Database JDBC URL [Connecting through datasource 'HikariDataSource (HikariPool-1)']
	Database driver: undefined/unknown
	Database version: 9.3
	Autocommit mode: undefined/unknown
	Isolation level: undefined/unknown
	Minimum pool size: undefined/unknown
	Maximum pool size: undefined/unknown
]]></system-out>
  </testcase>
</testsuite>